/root/my-wealth-back/app/__init__.py:3: UserWarning: Flask-SQLAlchemy integration requires marshmallow-sqlalchemy to be installed.
  from flask_marshmallow import Marshmallow
2024-07-10 21:20:38,472 INFO sqlalchemy.engine.Engine SELECT DATABASE()
2024-07-10 21:20:38,472 INFO sqlalchemy.engine.Engine [raw sql] {}
2024-07-10 21:20:38,473 INFO sqlalchemy.engine.Engine SELECT @@sql_mode
2024-07-10 21:20:38,473 INFO sqlalchemy.engine.Engine [raw sql] {}
2024-07-10 21:20:38,473 INFO sqlalchemy.engine.Engine SELECT @@lower_case_table_names
2024-07-10 21:20:38,473 INFO sqlalchemy.engine.Engine [raw sql] {}
2024-07-10 21:20:38,474 INFO sqlalchemy.engine.Engine BEGIN (implicit)
2024-07-10 21:20:38,474 INFO sqlalchemy.engine.Engine DESCRIBE `my_wealth`.`admin`
2024-07-10 21:20:38,474 INFO sqlalchemy.engine.Engine [raw sql] {}
2024-07-10 21:20:38,479 INFO sqlalchemy.engine.Engine DESCRIBE `my_wealth`.`level_a`
2024-07-10 21:20:38,479 INFO sqlalchemy.engine.Engine [raw sql] {}
2024-07-10 21:20:38,480 INFO sqlalchemy.engine.Engine DESCRIBE `my_wealth`.`level_b`
2024-07-10 21:20:38,480 INFO sqlalchemy.engine.Engine [raw sql] {}
2024-07-10 21:20:38,481 INFO sqlalchemy.engine.Engine DESCRIBE `my_wealth`.`level_c`
2024-07-10 21:20:38,481 INFO sqlalchemy.engine.Engine [raw sql] {}
2024-07-10 21:20:38,482 INFO sqlalchemy.engine.Engine DESCRIBE `my_wealth`.`main_admin`
2024-07-10 21:20:38,482 INFO sqlalchemy.engine.Engine [raw sql] {}
2024-07-10 21:20:38,483 INFO sqlalchemy.engine.Engine DESCRIBE `my_wealth`.`package`
2024-07-10 21:20:38,483 INFO sqlalchemy.engine.Engine [raw sql] {}
2024-07-10 21:20:38,484 INFO sqlalchemy.engine.Engine DESCRIBE `my_wealth`.`user`
2024-07-10 21:20:38,484 INFO sqlalchemy.engine.Engine [raw sql] {}
2024-07-10 21:20:38,485 INFO sqlalchemy.engine.Engine DESCRIBE `my_wealth`.`transfer`
2024-07-10 21:20:38,485 INFO sqlalchemy.engine.Engine [raw sql] {}
2024-07-10 21:20:38,486 INFO sqlalchemy.engine.Engine DESCRIBE `my_wealth`.`transfer_out`
2024-07-10 21:20:38,486 INFO sqlalchemy.engine.Engine [raw sql] {}
2024-07-10 21:20:38,487 INFO sqlalchemy.engine.Engine DESCRIBE `my_wealth`.`withdrawal`
2024-07-10 21:20:38,487 INFO sqlalchemy.engine.Engine [raw sql] {}
2024-07-10 21:20:38,488 INFO sqlalchemy.engine.Engine DESCRIBE `my_wealth`.`transaction`
2024-07-10 21:20:38,488 INFO sqlalchemy.engine.Engine [raw sql] {}
2024-07-10 21:20:38,489 INFO sqlalchemy.engine.Engine DESCRIBE `my_wealth`.`deposit`
2024-07-10 21:20:38,489 INFO sqlalchemy.engine.Engine [raw sql] {}
2024-07-10 21:20:38,490 INFO sqlalchemy.engine.Engine DESCRIBE `my_wealth`.`trade`
2024-07-10 21:20:38,490 INFO sqlalchemy.engine.Engine [raw sql] {}
2024-07-10 21:20:38,491 INFO sqlalchemy.engine.Engine DESCRIBE `my_wealth`.`profit`
2024-07-10 21:20:38,491 INFO sqlalchemy.engine.Engine [raw sql] {}
2024-07-10 21:20:38,493 INFO sqlalchemy.engine.Engine COMMIT
 * Serving Flask app 'app'
 * Debug mode: on
[31m[1mWARNING: This is a development server. Do not use it in a production deployment. Use a production WSGI server instead.[0m
 * Running on http://127.0.0.1:5000
[33mPress CTRL+C to quit[0m
 * Restarting with stat
/root/my-wealth-back/app/__init__.py:3: UserWarning: Flask-SQLAlchemy integration requires marshmallow-sqlalchemy to be installed.
  from flask_marshmallow import Marshmallow
2024-07-10 21:20:38,991 INFO sqlalchemy.engine.Engine SELECT DATABASE()
2024-07-10 21:20:38,991 INFO sqlalchemy.engine.Engine [raw sql] {}
2024-07-10 21:20:38,992 INFO sqlalchemy.engine.Engine SELECT @@sql_mode
2024-07-10 21:20:38,992 INFO sqlalchemy.engine.Engine [raw sql] {}
2024-07-10 21:20:38,992 INFO sqlalchemy.engine.Engine SELECT @@lower_case_table_names
2024-07-10 21:20:38,992 INFO sqlalchemy.engine.Engine [raw sql] {}
2024-07-10 21:20:38,993 INFO sqlalchemy.engine.Engine BEGIN (implicit)
2024-07-10 21:20:38,994 INFO sqlalchemy.engine.Engine DESCRIBE `my_wealth`.`admin`
2024-07-10 21:20:38,994 INFO sqlalchemy.engine.Engine [raw sql] {}
2024-07-10 21:20:38,996 INFO sqlalchemy.engine.Engine DESCRIBE `my_wealth`.`level_a`
2024-07-10 21:20:38,996 INFO sqlalchemy.engine.Engine [raw sql] {}
2024-07-10 21:20:38,998 INFO sqlalchemy.engine.Engine DESCRIBE `my_wealth`.`level_b`
2024-07-10 21:20:38,998 INFO sqlalchemy.engine.Engine [raw sql] {}
2024-07-10 21:20:39,000 INFO sqlalchemy.engine.Engine DESCRIBE `my_wealth`.`level_c`
2024-07-10 21:20:39,000 INFO sqlalchemy.engine.Engine [raw sql] {}
2024-07-10 21:20:39,001 INFO sqlalchemy.engine.Engine DESCRIBE `my_wealth`.`main_admin`
2024-07-10 21:20:39,001 INFO sqlalchemy.engine.Engine [raw sql] {}
2024-07-10 21:20:39,002 INFO sqlalchemy.engine.Engine DESCRIBE `my_wealth`.`package`
2024-07-10 21:20:39,002 INFO sqlalchemy.engine.Engine [raw sql] {}
2024-07-10 21:20:39,003 INFO sqlalchemy.engine.Engine DESCRIBE `my_wealth`.`user`
2024-07-10 21:20:39,003 INFO sqlalchemy.engine.Engine [raw sql] {}
2024-07-10 21:20:39,005 INFO sqlalchemy.engine.Engine DESCRIBE `my_wealth`.`transfer`
2024-07-10 21:20:39,005 INFO sqlalchemy.engine.Engine [raw sql] {}
2024-07-10 21:20:39,006 INFO sqlalchemy.engine.Engine DESCRIBE `my_wealth`.`transfer_out`
2024-07-10 21:20:39,006 INFO sqlalchemy.engine.Engine [raw sql] {}
2024-07-10 21:20:39,007 INFO sqlalchemy.engine.Engine DESCRIBE `my_wealth`.`withdrawal`
2024-07-10 21:20:39,007 INFO sqlalchemy.engine.Engine [raw sql] {}
2024-07-10 21:20:39,008 INFO sqlalchemy.engine.Engine DESCRIBE `my_wealth`.`transaction`
2024-07-10 21:20:39,008 INFO sqlalchemy.engine.Engine [raw sql] {}
2024-07-10 21:20:39,010 INFO sqlalchemy.engine.Engine DESCRIBE `my_wealth`.`deposit`
2024-07-10 21:20:39,010 INFO sqlalchemy.engine.Engine [raw sql] {}
2024-07-10 21:20:39,011 INFO sqlalchemy.engine.Engine DESCRIBE `my_wealth`.`trade`
2024-07-10 21:20:39,011 INFO sqlalchemy.engine.Engine [raw sql] {}
2024-07-10 21:20:39,012 INFO sqlalchemy.engine.Engine DESCRIBE `my_wealth`.`profit`
2024-07-10 21:20:39,012 INFO sqlalchemy.engine.Engine [raw sql] {}
2024-07-10 21:20:39,013 INFO sqlalchemy.engine.Engine COMMIT
 * Debugger is active!
 * Debugger PIN: 106-808-173
/root/my-wealth-back/app/__init__.py:3: UserWarning: Flask-SQLAlchemy integration requires marshmallow-sqlalchemy to be installed.
  from flask_marshmallow import Marshmallow
2024-07-29 10:09:15,437 INFO sqlalchemy.engine.Engine SELECT DATABASE()
2024-07-29 10:09:15,437 INFO sqlalchemy.engine.Engine [raw sql] {}
2024-07-29 10:09:15,438 INFO sqlalchemy.engine.Engine SELECT @@sql_mode
2024-07-29 10:09:15,439 INFO sqlalchemy.engine.Engine [raw sql] {}
2024-07-29 10:09:15,439 INFO sqlalchemy.engine.Engine SELECT @@lower_case_table_names
2024-07-29 10:09:15,439 INFO sqlalchemy.engine.Engine [raw sql] {}
2024-07-29 10:09:15,440 INFO sqlalchemy.engine.Engine BEGIN (implicit)
2024-07-29 10:09:15,440 INFO sqlalchemy.engine.Engine DESCRIBE `my_wealth`.`admin`
2024-07-29 10:09:15,440 INFO sqlalchemy.engine.Engine [raw sql] {}
2024-07-29 10:09:15,463 INFO sqlalchemy.engine.Engine DESCRIBE `my_wealth`.`level_a`
2024-07-29 10:09:15,463 INFO sqlalchemy.engine.Engine [raw sql] {}
2024-07-29 10:09:15,465 INFO sqlalchemy.engine.Engine DESCRIBE `my_wealth`.`level_b`
2024-07-29 10:09:15,465 INFO sqlalchemy.engine.Engine [raw sql] {}
2024-07-29 10:09:15,467 INFO sqlalchemy.engine.Engine DESCRIBE `my_wealth`.`level_c`
2024-07-29 10:09:15,468 INFO sqlalchemy.engine.Engine [raw sql] {}
2024-07-29 10:09:15,469 INFO sqlalchemy.engine.Engine DESCRIBE `my_wealth`.`main_admin`
2024-07-29 10:09:15,469 INFO sqlalchemy.engine.Engine [raw sql] {}
2024-07-29 10:09:15,470 INFO sqlalchemy.engine.Engine DESCRIBE `my_wealth`.`package`
2024-07-29 10:09:15,470 INFO sqlalchemy.engine.Engine [raw sql] {}
2024-07-29 10:09:15,472 INFO sqlalchemy.engine.Engine DESCRIBE `my_wealth`.`user`
2024-07-29 10:09:15,472 INFO sqlalchemy.engine.Engine [raw sql] {}
2024-07-29 10:09:15,473 INFO sqlalchemy.engine.Engine DESCRIBE `my_wealth`.`transfer`
2024-07-29 10:09:15,474 INFO sqlalchemy.engine.Engine [raw sql] {}
2024-07-29 10:09:15,475 INFO sqlalchemy.engine.Engine DESCRIBE `my_wealth`.`transfer_out`
2024-07-29 10:09:15,475 INFO sqlalchemy.engine.Engine [raw sql] {}
2024-07-29 10:09:15,476 INFO sqlalchemy.engine.Engine DESCRIBE `my_wealth`.`withdrawal`
2024-07-29 10:09:15,476 INFO sqlalchemy.engine.Engine [raw sql] {}
2024-07-29 10:09:15,478 INFO sqlalchemy.engine.Engine DESCRIBE `my_wealth`.`transaction`
2024-07-29 10:09:15,478 INFO sqlalchemy.engine.Engine [raw sql] {}
2024-07-29 10:09:15,479 INFO sqlalchemy.engine.Engine DESCRIBE `my_wealth`.`deposit`
2024-07-29 10:09:15,479 INFO sqlalchemy.engine.Engine [raw sql] {}
2024-07-29 10:09:15,480 INFO sqlalchemy.engine.Engine DESCRIBE `my_wealth`.`trade`
2024-07-29 10:09:15,480 INFO sqlalchemy.engine.Engine [raw sql] {}
2024-07-29 10:09:15,481 INFO sqlalchemy.engine.Engine DESCRIBE `my_wealth`.`profit`
2024-07-29 10:09:15,482 INFO sqlalchemy.engine.Engine [raw sql] {}
2024-07-29 10:09:15,483 INFO sqlalchemy.engine.Engine COMMIT
 * Serving Flask app 'app'
 * Debug mode: on
[31m[1mWARNING: This is a development server. Do not use it in a production deployment. Use a production WSGI server instead.[0m
 * Running on all addresses (0.0.0.0)
 * Running on http://127.0.0.1:5000
 * Running on http://5.189.141.126:5000
[33mPress CTRL+C to quit[0m
 * Restarting with stat
/root/my-wealth-back/app/__init__.py:3: UserWarning: Flask-SQLAlchemy integration requires marshmallow-sqlalchemy to be installed.
  from flask_marshmallow import Marshmallow
2024-07-29 10:09:16,141 INFO sqlalchemy.engine.Engine SELECT DATABASE()
2024-07-29 10:09:16,141 INFO sqlalchemy.engine.Engine [raw sql] {}
2024-07-29 10:09:16,142 INFO sqlalchemy.engine.Engine SELECT @@sql_mode
2024-07-29 10:09:16,142 INFO sqlalchemy.engine.Engine [raw sql] {}
2024-07-29 10:09:16,143 INFO sqlalchemy.engine.Engine SELECT @@lower_case_table_names
2024-07-29 10:09:16,143 INFO sqlalchemy.engine.Engine [raw sql] {}
2024-07-29 10:09:16,144 INFO sqlalchemy.engine.Engine BEGIN (implicit)
2024-07-29 10:09:16,144 INFO sqlalchemy.engine.Engine DESCRIBE `my_wealth`.`admin`
2024-07-29 10:09:16,144 INFO sqlalchemy.engine.Engine [raw sql] {}
2024-07-29 10:09:16,147 INFO sqlalchemy.engine.Engine DESCRIBE `my_wealth`.`level_a`
2024-07-29 10:09:16,147 INFO sqlalchemy.engine.Engine [raw sql] {}
2024-07-29 10:09:16,148 INFO sqlalchemy.engine.Engine DESCRIBE `my_wealth`.`level_b`
2024-07-29 10:09:16,149 INFO sqlalchemy.engine.Engine [raw sql] {}
2024-07-29 10:09:16,150 INFO sqlalchemy.engine.Engine DESCRIBE `my_wealth`.`level_c`
2024-07-29 10:09:16,150 INFO sqlalchemy.engine.Engine [raw sql] {}
2024-07-29 10:09:16,151 INFO sqlalchemy.engine.Engine DESCRIBE `my_wealth`.`main_admin`
2024-07-29 10:09:16,151 INFO sqlalchemy.engine.Engine [raw sql] {}
2024-07-29 10:09:16,152 INFO sqlalchemy.engine.Engine DESCRIBE `my_wealth`.`package`
2024-07-29 10:09:16,152 INFO sqlalchemy.engine.Engine [raw sql] {}
2024-07-29 10:09:16,153 INFO sqlalchemy.engine.Engine DESCRIBE `my_wealth`.`user`
2024-07-29 10:09:16,153 INFO sqlalchemy.engine.Engine [raw sql] {}
2024-07-29 10:09:16,154 INFO sqlalchemy.engine.Engine DESCRIBE `my_wealth`.`transfer`
2024-07-29 10:09:16,154 INFO sqlalchemy.engine.Engine [raw sql] {}
2024-07-29 10:09:16,155 INFO sqlalchemy.engine.Engine DESCRIBE `my_wealth`.`transfer_out`
2024-07-29 10:09:16,155 INFO sqlalchemy.engine.Engine [raw sql] {}
2024-07-29 10:09:16,156 INFO sqlalchemy.engine.Engine DESCRIBE `my_wealth`.`withdrawal`
2024-07-29 10:09:16,156 INFO sqlalchemy.engine.Engine [raw sql] {}
2024-07-29 10:09:16,157 INFO sqlalchemy.engine.Engine DESCRIBE `my_wealth`.`transaction`
2024-07-29 10:09:16,158 INFO sqlalchemy.engine.Engine [raw sql] {}
2024-07-29 10:09:16,159 INFO sqlalchemy.engine.Engine DESCRIBE `my_wealth`.`deposit`
2024-07-29 10:09:16,159 INFO sqlalchemy.engine.Engine [raw sql] {}
2024-07-29 10:09:16,160 INFO sqlalchemy.engine.Engine DESCRIBE `my_wealth`.`trade`
2024-07-29 10:09:16,160 INFO sqlalchemy.engine.Engine [raw sql] {}
2024-07-29 10:09:16,161 INFO sqlalchemy.engine.Engine DESCRIBE `my_wealth`.`profit`
2024-07-29 10:09:16,161 INFO sqlalchemy.engine.Engine [raw sql] {}
2024-07-29 10:09:16,162 INFO sqlalchemy.engine.Engine COMMIT
 * Debugger is active!
 * Debugger PIN: 117-635-016
148.56.48.27 - - [29/Jul/2024 10:10:19] "GET / HTTP/1.1" 200 -
175.157.234.72 - - [29/Jul/2024 10:10:20] "GET / HTTP/1.1" 200 -
175.157.234.72 - - [29/Jul/2024 10:10:21] "[33mGET /favicon.ico HTTP/1.1[0m" 404 -
148.56.48.27 - - [29/Jul/2024 10:10:25] "GET / HTTP/1.1" 200 -
148.56.48.27 - - [29/Jul/2024 10:10:26] "GET / HTTP/1.1" 200 -
148.56.48.27 - - [29/Jul/2024 10:10:27] "GET / HTTP/1.1" 200 -
148.56.48.27 - - [29/Jul/2024 10:10:28] "GET / HTTP/1.1" 200 -
148.56.48.27 - - [29/Jul/2024 10:11:28] code 400, message Bad request version ('À\x13À')
148.56.48.27 - - [29/Jul/2024 10:11:28] "[35m[1m\x16\x03\x01\x00å\x01\x00\x00á\x03\x03Ê3ö$M\x00ì+Égm¥ûjI\x9b¿WZÿ\x98ÔYßû¤u\x1dµ5\x89\x10 ãh\x7fOàHØ.!(V ºB¿ÏÁÏS0êµ×¢IM»Ù1ltM\x00$\x13\x01\x13\x02\x13\x03À/À+À0À,Ì©Ì¨À\x09À\x13À[0m" HTTPStatus.BAD_REQUEST -
175.157.234.72 - - [29/Jul/2024 10:11:35] "GET / HTTP/1.1" 200 -
194.59.30.130 - - [29/Jul/2024 10:14:45] "[33mCONNECT api.ipify.org:443 HTTP/1.1[0m" 404 -
 * Detected change in '/root/my-wealth-back/run.py', reloading
 * Restarting with stat
/root/my-wealth-back/app/__init__.py:3: UserWarning: Flask-SQLAlchemy integration requires marshmallow-sqlalchemy to be installed.
  from flask_marshmallow import Marshmallow
2024-07-29 10:18:43,948 INFO sqlalchemy.engine.Engine SELECT DATABASE()
2024-07-29 10:18:43,948 INFO sqlalchemy.engine.Engine [raw sql] {}
2024-07-29 10:18:43,949 INFO sqlalchemy.engine.Engine SELECT @@sql_mode
2024-07-29 10:18:43,949 INFO sqlalchemy.engine.Engine [raw sql] {}
2024-07-29 10:18:43,950 INFO sqlalchemy.engine.Engine SELECT @@lower_case_table_names
2024-07-29 10:18:43,950 INFO sqlalchemy.engine.Engine [raw sql] {}
2024-07-29 10:18:43,951 INFO sqlalchemy.engine.Engine BEGIN (implicit)
2024-07-29 10:18:43,951 INFO sqlalchemy.engine.Engine DESCRIBE `my_wealth`.`admin`
2024-07-29 10:18:43,951 INFO sqlalchemy.engine.Engine [raw sql] {}
2024-07-29 10:18:43,956 INFO sqlalchemy.engine.Engine DESCRIBE `my_wealth`.`level_a`
2024-07-29 10:18:43,957 INFO sqlalchemy.engine.Engine [raw sql] {}
2024-07-29 10:18:43,958 INFO sqlalchemy.engine.Engine DESCRIBE `my_wealth`.`level_b`
2024-07-29 10:18:43,959 INFO sqlalchemy.engine.Engine [raw sql] {}
2024-07-29 10:18:43,960 INFO sqlalchemy.engine.Engine DESCRIBE `my_wealth`.`level_c`
2024-07-29 10:18:43,960 INFO sqlalchemy.engine.Engine [raw sql] {}
2024-07-29 10:18:43,961 INFO sqlalchemy.engine.Engine DESCRIBE `my_wealth`.`main_admin`
2024-07-29 10:18:43,961 INFO sqlalchemy.engine.Engine [raw sql] {}
2024-07-29 10:18:43,963 INFO sqlalchemy.engine.Engine DESCRIBE `my_wealth`.`package`
2024-07-29 10:18:43,963 INFO sqlalchemy.engine.Engine [raw sql] {}
2024-07-29 10:18:43,963 INFO sqlalchemy.engine.Engine DESCRIBE `my_wealth`.`user`
2024-07-29 10:18:43,964 INFO sqlalchemy.engine.Engine [raw sql] {}
2024-07-29 10:18:43,965 INFO sqlalchemy.engine.Engine DESCRIBE `my_wealth`.`transfer`
2024-07-29 10:18:43,965 INFO sqlalchemy.engine.Engine [raw sql] {}
2024-07-29 10:18:43,966 INFO sqlalchemy.engine.Engine DESCRIBE `my_wealth`.`transfer_out`
2024-07-29 10:18:43,966 INFO sqlalchemy.engine.Engine [raw sql] {}
2024-07-29 10:18:43,967 INFO sqlalchemy.engine.Engine DESCRIBE `my_wealth`.`withdrawal`
2024-07-29 10:18:43,967 INFO sqlalchemy.engine.Engine [raw sql] {}
2024-07-29 10:18:43,968 INFO sqlalchemy.engine.Engine DESCRIBE `my_wealth`.`transaction`
2024-07-29 10:18:43,968 INFO sqlalchemy.engine.Engine [raw sql] {}
2024-07-29 10:18:43,969 INFO sqlalchemy.engine.Engine DESCRIBE `my_wealth`.`deposit`
2024-07-29 10:18:43,969 INFO sqlalchemy.engine.Engine [raw sql] {}
2024-07-29 10:18:43,970 INFO sqlalchemy.engine.Engine DESCRIBE `my_wealth`.`trade`
2024-07-29 10:18:43,970 INFO sqlalchemy.engine.Engine [raw sql] {}
2024-07-29 10:18:43,971 INFO sqlalchemy.engine.Engine DESCRIBE `my_wealth`.`profit`
2024-07-29 10:18:43,971 INFO sqlalchemy.engine.Engine [raw sql] {}
2024-07-29 10:18:43,972 INFO sqlalchemy.engine.Engine COMMIT
 * Debugger is active!
 * Debugger PIN: 117-635-016
Traceback (most recent call last):
  File "/root/my-wealth-back/run.py", line 11, in <module>
    app.run(debug=True, host='0.0.0.0', port=443, ssl_context=context)
  File "/usr/local/lib/python3.10/dist-packages/flask/app.py", line 625, in run
    run_simple(t.cast(str, host), port, self, **options)
  File "/usr/local/lib/python3.10/dist-packages/werkzeug/serving.py", line 1084, in run_simple
    srv = make_server(
  File "/usr/local/lib/python3.10/dist-packages/werkzeug/serving.py", line 921, in make_server
    return ThreadedWSGIServer(
  File "/usr/local/lib/python3.10/dist-packages/werkzeug/serving.py", line 792, in __init__
    ssl_context = load_ssl_context(*ssl_context)
  File "/usr/local/lib/python3.10/dist-packages/werkzeug/serving.py", line 635, in load_ssl_context
    ctx.load_cert_chain(cert_file, pkey_file)
FileNotFoundError: [Errno 2] No such file or directory
/root/my-wealth-back/app/__init__.py:3: UserWarning: Flask-SQLAlchemy integration requires marshmallow-sqlalchemy to be installed.
  from flask_marshmallow import Marshmallow
2024-07-29 10:34:00,626 INFO sqlalchemy.engine.Engine SELECT DATABASE()
2024-07-29 10:34:00,626 INFO sqlalchemy.engine.Engine [raw sql] {}
2024-07-29 10:34:00,627 INFO sqlalchemy.engine.Engine SELECT @@sql_mode
2024-07-29 10:34:00,627 INFO sqlalchemy.engine.Engine [raw sql] {}
2024-07-29 10:34:00,628 INFO sqlalchemy.engine.Engine SELECT @@lower_case_table_names
2024-07-29 10:34:00,628 INFO sqlalchemy.engine.Engine [raw sql] {}
2024-07-29 10:34:00,628 INFO sqlalchemy.engine.Engine BEGIN (implicit)
2024-07-29 10:34:00,629 INFO sqlalchemy.engine.Engine DESCRIBE `my_wealth`.`admin`
2024-07-29 10:34:00,629 INFO sqlalchemy.engine.Engine [raw sql] {}
2024-07-29 10:34:00,631 INFO sqlalchemy.engine.Engine DESCRIBE `my_wealth`.`level_a`
2024-07-29 10:34:00,631 INFO sqlalchemy.engine.Engine [raw sql] {}
2024-07-29 10:34:00,633 INFO sqlalchemy.engine.Engine DESCRIBE `my_wealth`.`level_b`
2024-07-29 10:34:00,633 INFO sqlalchemy.engine.Engine [raw sql] {}
2024-07-29 10:34:00,634 INFO sqlalchemy.engine.Engine DESCRIBE `my_wealth`.`level_c`
2024-07-29 10:34:00,634 INFO sqlalchemy.engine.Engine [raw sql] {}
2024-07-29 10:34:00,636 INFO sqlalchemy.engine.Engine DESCRIBE `my_wealth`.`main_admin`
2024-07-29 10:34:00,636 INFO sqlalchemy.engine.Engine [raw sql] {}
2024-07-29 10:34:00,637 INFO sqlalchemy.engine.Engine DESCRIBE `my_wealth`.`package`
2024-07-29 10:34:00,638 INFO sqlalchemy.engine.Engine [raw sql] {}
2024-07-29 10:34:00,639 INFO sqlalchemy.engine.Engine DESCRIBE `my_wealth`.`user`
2024-07-29 10:34:00,639 INFO sqlalchemy.engine.Engine [raw sql] {}
2024-07-29 10:34:00,641 INFO sqlalchemy.engine.Engine DESCRIBE `my_wealth`.`transfer`
2024-07-29 10:34:00,641 INFO sqlalchemy.engine.Engine [raw sql] {}
2024-07-29 10:34:00,642 INFO sqlalchemy.engine.Engine DESCRIBE `my_wealth`.`transfer_out`
2024-07-29 10:34:00,642 INFO sqlalchemy.engine.Engine [raw sql] {}
2024-07-29 10:34:00,643 INFO sqlalchemy.engine.Engine DESCRIBE `my_wealth`.`withdrawal`
2024-07-29 10:34:00,643 INFO sqlalchemy.engine.Engine [raw sql] {}
2024-07-29 10:34:00,644 INFO sqlalchemy.engine.Engine DESCRIBE `my_wealth`.`transaction`
2024-07-29 10:34:00,644 INFO sqlalchemy.engine.Engine [raw sql] {}
2024-07-29 10:34:00,645 INFO sqlalchemy.engine.Engine DESCRIBE `my_wealth`.`deposit`
2024-07-29 10:34:00,645 INFO sqlalchemy.engine.Engine [raw sql] {}
2024-07-29 10:34:00,646 INFO sqlalchemy.engine.Engine DESCRIBE `my_wealth`.`trade`
2024-07-29 10:34:00,646 INFO sqlalchemy.engine.Engine [raw sql] {}
2024-07-29 10:34:00,647 INFO sqlalchemy.engine.Engine DESCRIBE `my_wealth`.`profit`
2024-07-29 10:34:00,647 INFO sqlalchemy.engine.Engine [raw sql] {}
2024-07-29 10:34:00,648 INFO sqlalchemy.engine.Engine COMMIT
 * Serving Flask app 'app'
 * Debug mode: on
[31m[1mWARNING: This is a development server. Do not use it in a production deployment. Use a production WSGI server instead.[0m
 * Running on all addresses (0.0.0.0)
 * Running on https://127.0.0.1:443
 * Running on https://5.189.141.126:443
[33mPress CTRL+C to quit[0m
 * Restarting with stat
/root/my-wealth-back/app/__init__.py:3: UserWarning: Flask-SQLAlchemy integration requires marshmallow-sqlalchemy to be installed.
  from flask_marshmallow import Marshmallow
2024-07-29 10:34:01,255 INFO sqlalchemy.engine.Engine SELECT DATABASE()
2024-07-29 10:34:01,255 INFO sqlalchemy.engine.Engine [raw sql] {}
2024-07-29 10:34:01,256 INFO sqlalchemy.engine.Engine SELECT @@sql_mode
2024-07-29 10:34:01,256 INFO sqlalchemy.engine.Engine [raw sql] {}
2024-07-29 10:34:01,256 INFO sqlalchemy.engine.Engine SELECT @@lower_case_table_names
2024-07-29 10:34:01,256 INFO sqlalchemy.engine.Engine [raw sql] {}
2024-07-29 10:34:01,257 INFO sqlalchemy.engine.Engine BEGIN (implicit)
2024-07-29 10:34:01,258 INFO sqlalchemy.engine.Engine DESCRIBE `my_wealth`.`admin`
2024-07-29 10:34:01,258 INFO sqlalchemy.engine.Engine [raw sql] {}
2024-07-29 10:34:01,260 INFO sqlalchemy.engine.Engine DESCRIBE `my_wealth`.`level_a`
2024-07-29 10:34:01,260 INFO sqlalchemy.engine.Engine [raw sql] {}
2024-07-29 10:34:01,262 INFO sqlalchemy.engine.Engine DESCRIBE `my_wealth`.`level_b`
2024-07-29 10:34:01,263 INFO sqlalchemy.engine.Engine [raw sql] {}
2024-07-29 10:34:01,265 INFO sqlalchemy.engine.Engine DESCRIBE `my_wealth`.`level_c`
2024-07-29 10:34:01,265 INFO sqlalchemy.engine.Engine [raw sql] {}
2024-07-29 10:34:01,266 INFO sqlalchemy.engine.Engine DESCRIBE `my_wealth`.`main_admin`
2024-07-29 10:34:01,266 INFO sqlalchemy.engine.Engine [raw sql] {}
2024-07-29 10:34:01,267 INFO sqlalchemy.engine.Engine DESCRIBE `my_wealth`.`package`
2024-07-29 10:34:01,267 INFO sqlalchemy.engine.Engine [raw sql] {}
2024-07-29 10:34:01,268 INFO sqlalchemy.engine.Engine DESCRIBE `my_wealth`.`user`
2024-07-29 10:34:01,268 INFO sqlalchemy.engine.Engine [raw sql] {}
2024-07-29 10:34:01,269 INFO sqlalchemy.engine.Engine DESCRIBE `my_wealth`.`transfer`
2024-07-29 10:34:01,269 INFO sqlalchemy.engine.Engine [raw sql] {}
2024-07-29 10:34:01,270 INFO sqlalchemy.engine.Engine DESCRIBE `my_wealth`.`transfer_out`
2024-07-29 10:34:01,270 INFO sqlalchemy.engine.Engine [raw sql] {}
2024-07-29 10:34:01,271 INFO sqlalchemy.engine.Engine DESCRIBE `my_wealth`.`withdrawal`
2024-07-29 10:34:01,271 INFO sqlalchemy.engine.Engine [raw sql] {}
2024-07-29 10:34:01,272 INFO sqlalchemy.engine.Engine DESCRIBE `my_wealth`.`transaction`
2024-07-29 10:34:01,272 INFO sqlalchemy.engine.Engine [raw sql] {}
2024-07-29 10:34:01,273 INFO sqlalchemy.engine.Engine DESCRIBE `my_wealth`.`deposit`
2024-07-29 10:34:01,273 INFO sqlalchemy.engine.Engine [raw sql] {}
2024-07-29 10:34:01,275 INFO sqlalchemy.engine.Engine DESCRIBE `my_wealth`.`trade`
2024-07-29 10:34:01,275 INFO sqlalchemy.engine.Engine [raw sql] {}
2024-07-29 10:34:01,276 INFO sqlalchemy.engine.Engine DESCRIBE `my_wealth`.`profit`
2024-07-29 10:34:01,276 INFO sqlalchemy.engine.Engine [raw sql] {}
2024-07-29 10:34:01,277 INFO sqlalchemy.engine.Engine COMMIT
 * Debugger is active!
 * Debugger PIN: 117-635-016
148.56.48.27 - - [29/Jul/2024 10:34:21] "GET / HTTP/1.1" 200 -
148.56.48.27 - - [29/Jul/2024 10:34:22] "GET / HTTP/1.1" 200 -
148.56.48.27 - - [29/Jul/2024 10:34:22] "GET / HTTP/1.1" 200 -
175.157.234.72 - - [29/Jul/2024 10:35:04] "GET / HTTP/1.1" 200 -
175.157.234.72 - - [29/Jul/2024 10:35:07] "[33mGET /favicon.ico HTTP/1.1[0m" 404 -
154.212.141.153 - - [29/Jul/2024 11:17:28] "GET / HTTP/1.1" 200 -
101.36.123.30 - - [29/Jul/2024 11:20:50] "GET / HTTP/1.1" 200 -
101.36.123.30 - - [29/Jul/2024 11:20:51] "[33mGET /favicon.ico HTTP/1.1[0m" 404 -
66.249.70.141 - - [29/Jul/2024 11:44:11] "[33mGET /robots.txt HTTP/1.1[0m" 404 -
66.249.70.140 - - [29/Jul/2024 11:44:12] "[33mGET /wp-content/uploads/2022/06/Flores-4.jpg HTTP/1.1[0m" 404 -
71.6.232.25 - - [29/Jul/2024 11:52:20] "GET / HTTP/1.1" 200 -
45.156.129.50 - - [29/Jul/2024 12:02:27] "GET / HTTP/1.1" 200 -
45.79.181.179 - - [29/Jul/2024 12:07:01] "GET / HTTP/1.1" 200 -
162.158.41.153 - - [29/Jul/2024 12:53:08] "GET / HTTP/1.1" 200 -
172.71.142.57 - - [29/Jul/2024 12:53:10] "GET / HTTP/1.1" 200 -
45.79.120.183 - - [29/Jul/2024 13:04:53] "GET / HTTP/1.1" 200 -
45.79.120.183 - - [29/Jul/2024 13:05:17] "[33mGET /favicon.ico HTTP/1.1[0m" 404 -
13.87.128.32 - - [29/Jul/2024 13:52:34] "GET / HTTP/1.1" 200 -
103.88.234.199 - - [29/Jul/2024 17:08:01] "[33mGET /.env HTTP/1.1[0m" 404 -
103.88.234.199 - - [29/Jul/2024 17:08:02] "[31m[1mPOST / HTTP/1.1[0m" 405 -
96.126.104.20 - - [29/Jul/2024 17:51:24] "[33mGET /2bsU HTTP/1.1[0m" 404 -
/root/my-wealth-back/app/__init__.py:3: UserWarning: Flask-SQLAlchemy integration requires marshmallow-sqlalchemy to be installed.
  from flask_marshmallow import Marshmallow
2024-08-03 23:28:19,658 INFO sqlalchemy.engine.Engine SELECT DATABASE()
2024-08-03 23:28:19,658 INFO sqlalchemy.engine.Engine [raw sql] {}
2024-08-03 23:28:19,659 INFO sqlalchemy.engine.Engine SELECT @@sql_mode
2024-08-03 23:28:19,659 INFO sqlalchemy.engine.Engine [raw sql] {}
2024-08-03 23:28:19,660 INFO sqlalchemy.engine.Engine SELECT @@lower_case_table_names
2024-08-03 23:28:19,660 INFO sqlalchemy.engine.Engine [raw sql] {}
2024-08-03 23:28:19,661 INFO sqlalchemy.engine.Engine BEGIN (implicit)
2024-08-03 23:28:19,661 INFO sqlalchemy.engine.Engine DESCRIBE `my_wealth`.`admin`
2024-08-03 23:28:19,661 INFO sqlalchemy.engine.Engine [raw sql] {}
2024-08-03 23:28:19,667 INFO sqlalchemy.engine.Engine DESCRIBE `my_wealth`.`level_a`
2024-08-03 23:28:19,667 INFO sqlalchemy.engine.Engine [raw sql] {}
2024-08-03 23:28:19,671 INFO sqlalchemy.engine.Engine DESCRIBE `my_wealth`.`level_b`
2024-08-03 23:28:19,671 INFO sqlalchemy.engine.Engine [raw sql] {}
2024-08-03 23:28:19,672 INFO sqlalchemy.engine.Engine DESCRIBE `my_wealth`.`level_c`
2024-08-03 23:28:19,673 INFO sqlalchemy.engine.Engine [raw sql] {}
2024-08-03 23:28:19,674 INFO sqlalchemy.engine.Engine DESCRIBE `my_wealth`.`main_admin`
2024-08-03 23:28:19,674 INFO sqlalchemy.engine.Engine [raw sql] {}
2024-08-03 23:28:19,676 INFO sqlalchemy.engine.Engine DESCRIBE `my_wealth`.`package`
2024-08-03 23:28:19,676 INFO sqlalchemy.engine.Engine [raw sql] {}
2024-08-03 23:28:19,678 INFO sqlalchemy.engine.Engine DESCRIBE `my_wealth`.`user`
2024-08-03 23:28:19,678 INFO sqlalchemy.engine.Engine [raw sql] {}
2024-08-03 23:28:19,679 INFO sqlalchemy.engine.Engine DESCRIBE `my_wealth`.`transfer`
2024-08-03 23:28:19,680 INFO sqlalchemy.engine.Engine [raw sql] {}
2024-08-03 23:28:19,682 INFO sqlalchemy.engine.Engine DESCRIBE `my_wealth`.`transfer_out`
2024-08-03 23:28:19,682 INFO sqlalchemy.engine.Engine [raw sql] {}
2024-08-03 23:28:19,684 INFO sqlalchemy.engine.Engine DESCRIBE `my_wealth`.`withdrawal`
2024-08-03 23:28:19,684 INFO sqlalchemy.engine.Engine [raw sql] {}
2024-08-03 23:28:19,686 INFO sqlalchemy.engine.Engine DESCRIBE `my_wealth`.`transaction`
2024-08-03 23:28:19,686 INFO sqlalchemy.engine.Engine [raw sql] {}
2024-08-03 23:28:19,688 INFO sqlalchemy.engine.Engine DESCRIBE `my_wealth`.`deposit`
2024-08-03 23:28:19,688 INFO sqlalchemy.engine.Engine [raw sql] {}
2024-08-03 23:28:19,689 INFO sqlalchemy.engine.Engine DESCRIBE `my_wealth`.`trade`
2024-08-03 23:28:19,689 INFO sqlalchemy.engine.Engine [raw sql] {}
2024-08-03 23:28:19,691 INFO sqlalchemy.engine.Engine DESCRIBE `my_wealth`.`profit`
2024-08-03 23:28:19,691 INFO sqlalchemy.engine.Engine [raw sql] {}
2024-08-03 23:28:19,692 INFO sqlalchemy.engine.Engine DESCRIBE `my_wealth`.`user_profit`
2024-08-03 23:28:19,692 INFO sqlalchemy.engine.Engine [raw sql] {}
2024-08-03 23:28:19,693 INFO sqlalchemy.engine.Engine COMMIT
 * Serving Flask app 'app'
 * Debug mode: on
[31m[1mWARNING: This is a development server. Do not use it in a production deployment. Use a production WSGI server instead.[0m
 * Running on all addresses (0.0.0.0)
 * Running on https://127.0.0.1:443
 * Running on https://5.189.141.126:443
[33mPress CTRL+C to quit[0m
 * Restarting with stat
/root/my-wealth-back/app/__init__.py:3: UserWarning: Flask-SQLAlchemy integration requires marshmallow-sqlalchemy to be installed.
  from flask_marshmallow import Marshmallow
2024-08-03 23:28:20,232 INFO sqlalchemy.engine.Engine SELECT DATABASE()
2024-08-03 23:28:20,232 INFO sqlalchemy.engine.Engine [raw sql] {}
2024-08-03 23:28:20,233 INFO sqlalchemy.engine.Engine SELECT @@sql_mode
2024-08-03 23:28:20,233 INFO sqlalchemy.engine.Engine [raw sql] {}
2024-08-03 23:28:20,233 INFO sqlalchemy.engine.Engine SELECT @@lower_case_table_names
2024-08-03 23:28:20,233 INFO sqlalchemy.engine.Engine [raw sql] {}
2024-08-03 23:28:20,234 INFO sqlalchemy.engine.Engine BEGIN (implicit)
2024-08-03 23:28:20,235 INFO sqlalchemy.engine.Engine DESCRIBE `my_wealth`.`admin`
2024-08-03 23:28:20,235 INFO sqlalchemy.engine.Engine [raw sql] {}
2024-08-03 23:28:20,239 INFO sqlalchemy.engine.Engine DESCRIBE `my_wealth`.`level_a`
2024-08-03 23:28:20,239 INFO sqlalchemy.engine.Engine [raw sql] {}
2024-08-03 23:28:20,240 INFO sqlalchemy.engine.Engine DESCRIBE `my_wealth`.`level_b`
2024-08-03 23:28:20,240 INFO sqlalchemy.engine.Engine [raw sql] {}
2024-08-03 23:28:20,241 INFO sqlalchemy.engine.Engine DESCRIBE `my_wealth`.`level_c`
2024-08-03 23:28:20,241 INFO sqlalchemy.engine.Engine [raw sql] {}
2024-08-03 23:28:20,242 INFO sqlalchemy.engine.Engine DESCRIBE `my_wealth`.`main_admin`
2024-08-03 23:28:20,242 INFO sqlalchemy.engine.Engine [raw sql] {}
2024-08-03 23:28:20,243 INFO sqlalchemy.engine.Engine DESCRIBE `my_wealth`.`package`
2024-08-03 23:28:20,243 INFO sqlalchemy.engine.Engine [raw sql] {}
2024-08-03 23:28:20,244 INFO sqlalchemy.engine.Engine DESCRIBE `my_wealth`.`user`
2024-08-03 23:28:20,244 INFO sqlalchemy.engine.Engine [raw sql] {}
2024-08-03 23:28:20,245 INFO sqlalchemy.engine.Engine DESCRIBE `my_wealth`.`transfer`
2024-08-03 23:28:20,245 INFO sqlalchemy.engine.Engine [raw sql] {}
2024-08-03 23:28:20,246 INFO sqlalchemy.engine.Engine DESCRIBE `my_wealth`.`transfer_out`
2024-08-03 23:28:20,246 INFO sqlalchemy.engine.Engine [raw sql] {}
2024-08-03 23:28:20,247 INFO sqlalchemy.engine.Engine DESCRIBE `my_wealth`.`withdrawal`
2024-08-03 23:28:20,247 INFO sqlalchemy.engine.Engine [raw sql] {}
2024-08-03 23:28:20,248 INFO sqlalchemy.engine.Engine DESCRIBE `my_wealth`.`transaction`
2024-08-03 23:28:20,248 INFO sqlalchemy.engine.Engine [raw sql] {}
2024-08-03 23:28:20,249 INFO sqlalchemy.engine.Engine DESCRIBE `my_wealth`.`deposit`
2024-08-03 23:28:20,249 INFO sqlalchemy.engine.Engine [raw sql] {}
2024-08-03 23:28:20,250 INFO sqlalchemy.engine.Engine DESCRIBE `my_wealth`.`trade`
2024-08-03 23:28:20,250 INFO sqlalchemy.engine.Engine [raw sql] {}
2024-08-03 23:28:20,251 INFO sqlalchemy.engine.Engine DESCRIBE `my_wealth`.`profit`
2024-08-03 23:28:20,251 INFO sqlalchemy.engine.Engine [raw sql] {}
2024-08-03 23:28:20,252 INFO sqlalchemy.engine.Engine DESCRIBE `my_wealth`.`user_profit`
2024-08-03 23:28:20,252 INFO sqlalchemy.engine.Engine [raw sql] {}
2024-08-03 23:28:20,253 INFO sqlalchemy.engine.Engine COMMIT
 * Debugger is active!
 * Debugger PIN: 117-635-016
2024-08-03 23:28:38,279 INFO sqlalchemy.engine.Engine BEGIN (implicit)
2024-08-03 23:28:38,284 INFO sqlalchemy.engine.Engine SELECT user.`userID` AS `user_userID`, user.name AS user_name, user.email AS user_email, user.password AS user_password, user.`myReferral` AS `user_myReferral`, user.`friendReferral` AS `user_friendReferral`, user.`spotBalance` AS `user_spotBalance`, user.`fundingBalance` AS `user_fundingBalance`, user.profit AS user_profit, user.`RT` AS `user_RT`, user.`isVerify` AS `user_isVerify`, user.`OTP` AS `user_OTP`, user.`packageID` AS `user_packageID` 
FROM user 
WHERE user.`userID` = %(userID_1)s 
 LIMIT %(param_1)s
2024-08-03 23:28:38,284 INFO sqlalchemy.engine.Engine [generated in 0.00024s] {'userID_1': '1.toString', 'param_1': 1}
2024-08-03 23:28:38,292 INFO sqlalchemy.engine.Engine ROLLBACK
112.134.150.146 - - [03/Aug/2024 23:28:38] "GET /search_user_by_id?userID=1.toString HTTP/1.1" 200 -
2024-08-03 23:28:38,524 INFO sqlalchemy.engine.Engine BEGIN (implicit)
2024-08-03 23:28:38,526 INFO sqlalchemy.engine.Engine SELECT package.`packageID` AS `package_packageID`, package.`packageName` AS `package_packageName`, package.`personalMinFund` AS `package_personalMinFund`, package.`personalMaxFund` AS `package_personalMaxFund`, package.`rebateFee` AS `package_rebateFee` 
FROM package 
WHERE package.`personalMinFund` <= %(personalMinFund_1)s AND package.`personalMaxFund` >= %(personalMaxFund_1)s 
 LIMIT %(param_1)s
2024-08-03 23:28:38,526 INFO sqlalchemy.engine.Engine [generated in 0.00015s] {'personalMinFund_1': 0.0, 'personalMaxFund_1': 0.0, 'param_1': 1}
2024-08-03 23:28:38,531 INFO sqlalchemy.engine.Engine ROLLBACK
112.134.150.146 - - [03/Aug/2024 23:28:38] "POST /search_package_by_fund HTTP/1.1" 200 -
112.134.150.146 - - [03/Aug/2024 23:28:44] "POST /create_transaction HTTP/1.1" 200 -
175.157.76.217 - - [03/Aug/2024 23:28:49] "GET / HTTP/1.1" 200 -
206.71.159.57 - - [03/Aug/2024 23:30:05] "[31m[1mPOST /ipn HTTP/1.1[0m" 400 -
2024-08-03 23:30:14,167 INFO sqlalchemy.engine.Engine BEGIN (implicit)
2024-08-03 23:30:14,168 INFO sqlalchemy.engine.Engine SELECT package.`packageID` AS `package_packageID`, package.`packageName` AS `package_packageName`, package.`personalMinFund` AS `package_personalMinFund`, package.`personalMaxFund` AS `package_personalMaxFund`, package.`rebateFee` AS `package_rebateFee` 
FROM package 
WHERE package.`personalMinFund` <= %(personalMinFund_1)s AND package.`personalMaxFund` >= %(personalMaxFund_1)s 
 LIMIT %(param_1)s
2024-08-03 23:30:14,168 INFO sqlalchemy.engine.Engine [cached since 95.64s ago] {'personalMinFund_1': 0.0, 'personalMaxFund_1': 0.0, 'param_1': 1}
2024-08-03 23:30:14,170 INFO sqlalchemy.engine.Engine ROLLBACK
112.134.150.146 - - [03/Aug/2024 23:30:14] "POST /search_package_by_fund HTTP/1.1" 200 -
2024-08-03 23:30:14,439 INFO sqlalchemy.engine.Engine BEGIN (implicit)
2024-08-03 23:30:14,439 INFO sqlalchemy.engine.Engine SELECT package.`packageID` AS `package_packageID`, package.`packageName` AS `package_packageName`, package.`personalMinFund` AS `package_personalMinFund`, package.`personalMaxFund` AS `package_personalMaxFund`, package.`rebateFee` AS `package_rebateFee` 
FROM package 
WHERE package.`personalMinFund` <= %(personalMinFund_1)s AND package.`personalMaxFund` >= %(personalMaxFund_1)s 
 LIMIT %(param_1)s
2024-08-03 23:30:14,439 INFO sqlalchemy.engine.Engine [cached since 95.91s ago] {'personalMinFund_1': 0.0, 'personalMaxFund_1': 0.0, 'param_1': 1}
2024-08-03 23:30:14,441 INFO sqlalchemy.engine.Engine ROLLBACK
112.134.150.146 - - [03/Aug/2024 23:30:14] "POST /search_package_by_fund HTTP/1.1" 200 -
2024-08-03 23:30:14,710 INFO sqlalchemy.engine.Engine BEGIN (implicit)
2024-08-03 23:30:14,710 INFO sqlalchemy.engine.Engine SELECT user.`userID` AS `user_userID`, user.name AS user_name, user.email AS user_email, user.password AS user_password, user.`myReferral` AS `user_myReferral`, user.`friendReferral` AS `user_friendReferral`, user.`spotBalance` AS `user_spotBalance`, user.`fundingBalance` AS `user_fundingBalance`, user.profit AS user_profit, user.`RT` AS `user_RT`, user.`isVerify` AS `user_isVerify`, user.`OTP` AS `user_OTP`, user.`packageID` AS `user_packageID` 
FROM user 
WHERE user.`userID` = %(userID_1)s 
 LIMIT %(param_1)s
2024-08-03 23:30:14,710 INFO sqlalchemy.engine.Engine [cached since 96.43s ago] {'userID_1': '1.toString', 'param_1': 1}
2024-08-03 23:30:14,712 INFO sqlalchemy.engine.Engine ROLLBACK
112.134.150.146 - - [03/Aug/2024 23:30:14] "GET /search_user_by_id?userID=1.toString HTTP/1.1" 200 -
206.71.159.57 - - [03/Aug/2024 23:31:05] "[31m[1mPOST /ipn HTTP/1.1[0m" 400 -
206.71.159.57 - - [03/Aug/2024 23:31:05] "[31m[1mPOST /ipn HTTP/1.1[0m" 400 -
206.71.159.57 - - [03/Aug/2024 23:31:05] "[31m[1mPOST /ipn HTTP/1.1[0m" 400 -
2024-08-03 23:31:54,459 INFO sqlalchemy.engine.Engine BEGIN (implicit)
2024-08-03 23:31:54,460 INFO sqlalchemy.engine.Engine SELECT package.`packageID` AS `package_packageID`, package.`packageName` AS `package_packageName`, package.`personalMinFund` AS `package_personalMinFund`, package.`personalMaxFund` AS `package_personalMaxFund`, package.`rebateFee` AS `package_rebateFee` 
FROM package 
WHERE package.`personalMinFund` <= %(personalMinFund_1)s AND package.`personalMaxFund` >= %(personalMaxFund_1)s 
 LIMIT %(param_1)s
2024-08-03 23:31:54,460 INFO sqlalchemy.engine.Engine [cached since 195.9s ago] {'personalMinFund_1': 0.0, 'personalMaxFund_1': 0.0, 'param_1': 1}
2024-08-03 23:31:54,462 INFO sqlalchemy.engine.Engine ROLLBACK
112.134.150.146 - - [03/Aug/2024 23:31:54] "POST /search_package_by_fund HTTP/1.1" 200 -
2024-08-03 23:31:54,740 INFO sqlalchemy.engine.Engine BEGIN (implicit)
2024-08-03 23:31:54,741 INFO sqlalchemy.engine.Engine SELECT user.`userID` AS `user_userID`, user.name AS user_name, user.email AS user_email, user.password AS user_password, user.`myReferral` AS `user_myReferral`, user.`friendReferral` AS `user_friendReferral`, user.`spotBalance` AS `user_spotBalance`, user.`fundingBalance` AS `user_fundingBalance`, user.profit AS user_profit, user.`RT` AS `user_RT`, user.`isVerify` AS `user_isVerify`, user.`OTP` AS `user_OTP`, user.`packageID` AS `user_packageID` 
FROM user 
WHERE user.`userID` = %(userID_1)s 
 LIMIT %(param_1)s
2024-08-03 23:31:54,741 INFO sqlalchemy.engine.Engine [cached since 196.5s ago] {'userID_1': '1.toString', 'param_1': 1}
2024-08-03 23:31:54,742 INFO sqlalchemy.engine.Engine ROLLBACK
112.134.150.146 - - [03/Aug/2024 23:31:54] "GET /search_user_by_id?userID=1.toString HTTP/1.1" 200 -
112.134.150.146 - - [03/Aug/2024 23:32:07] "POST /create_transaction HTTP/1.1" 200 -
206.71.159.57 - - [03/Aug/2024 23:33:05] "[31m[1mPOST /ipn HTTP/1.1[0m" 400 -
206.71.159.57 - - [03/Aug/2024 23:33:05] "[31m[1mPOST /ipn HTTP/1.1[0m" 400 -
206.71.159.57 - - [03/Aug/2024 23:34:04] "[31m[1mPOST /ipn HTTP/1.1[0m" 400 -
206.71.159.57 - - [03/Aug/2024 23:34:04] "[31m[1mPOST /ipn HTTP/1.1[0m" 400 -
206.71.159.57 - - [03/Aug/2024 23:35:05] "[31m[1mPOST /ipn HTTP/1.1[0m" 400 -
2024-08-03 23:35:25,027 INFO sqlalchemy.engine.Engine BEGIN (implicit)
2024-08-03 23:35:25,030 INFO sqlalchemy.engine.Engine SELECT deposit.`depositID` AS `deposit_depositID`, deposit.username AS deposit_username, deposit.amount AS deposit_amount, deposit.`dateTime` AS `deposit_dateTime`, deposit.status AS deposit_status, deposit.`userID` AS `deposit_userID` 
FROM deposit
2024-08-03 23:35:25,030 INFO sqlalchemy.engine.Engine [generated in 0.00033s] {}
2024-08-03 23:35:25,036 INFO sqlalchemy.engine.Engine ROLLBACK
175.157.76.217 - - [03/Aug/2024 23:35:25] "GET /get_all_deposits HTTP/1.1" 200 -
2024-08-03 23:35:32,630 INFO sqlalchemy.engine.Engine BEGIN (implicit)
2024-08-03 23:35:32,631 INFO sqlalchemy.engine.Engine SELECT user.`userID` AS `user_userID`, user.name AS user_name, user.email AS user_email, user.password AS user_password, user.`myReferral` AS `user_myReferral`, user.`friendReferral` AS `user_friendReferral`, user.`spotBalance` AS `user_spotBalance`, user.`fundingBalance` AS `user_fundingBalance`, user.profit AS user_profit, user.`RT` AS `user_RT`, user.`isVerify` AS `user_isVerify`, user.`OTP` AS `user_OTP`, user.`packageID` AS `user_packageID` 
FROM user
2024-08-03 23:35:32,631 INFO sqlalchemy.engine.Engine [generated in 0.00017s] {}
2024-08-03 23:35:32,634 INFO sqlalchemy.engine.Engine ROLLBACK
175.157.76.217 - - [03/Aug/2024 23:35:32] "GET /get_all_users HTTP/1.1" 200 -
